Compiling the C compiler identification source file "CMakeCCompilerId.c" failed.
Compiler: /usr/bin/arm-none-eabi-gcc 
Build flags: 
Id flags:  

The output was:
1
/usr/lib/gcc/arm-none-eabi/9.2.1/../../../arm-none-eabi/bin/ld: /usr/lib/gcc/arm-none-eabi/9.2.1/../../../arm-none-eabi/lib/libc.a(lib_a-exit.o): in function `exit':
/build/newlib-CVVEyx/newlib-3.3.0/build/arm-none-eabi/newlib/libc/stdlib/../../../../../newlib/libc/stdlib/exit.c:64: undefined reference to `_exit'
collect2: error: ld returned 1 exit status


Determining if the C compiler works failed with the following output:
Change Dir: /home/remi/firmware/build/CMakeFiles/CMakeTmp

Run Build Command(s):/usr/bin/make cmTC_f8b5d/fast && /usr/bin/make -f CMakeFiles/cmTC_f8b5d.dir/build.make CMakeFiles/cmTC_f8b5d.dir/build
make[1]: Entering directory '/home/remi/firmware/build/CMakeFiles/CMakeTmp'
Building C object CMakeFiles/cmTC_f8b5d.dir/testCCompiler.c.o
/usr/bin/arm-none-eabi-gcc    -o CMakeFiles/cmTC_f8b5d.dir/testCCompiler.c.o   -c /home/remi/firmware/build/CMakeFiles/CMakeTmp/testCCompiler.c
Linking C executable cmTC_f8b5d
/usr/bin/cmake -E cmake_link_script CMakeFiles/cmTC_f8b5d.dir/link.txt --verbose=1
/usr/bin/arm-none-eabi-gcc      CMakeFiles/cmTC_f8b5d.dir/testCCompiler.c.o  -o cmTC_f8b5d 
/usr/lib/gcc/arm-none-eabi/9.2.1/../../../arm-none-eabi/bin/ld: /usr/lib/gcc/arm-none-eabi/9.2.1/../../../arm-none-eabi/lib/libc.a(lib_a-exit.o): in function `exit':
/build/newlib-CVVEyx/newlib-3.3.0/build/arm-none-eabi/newlib/libc/stdlib/../../../../../newlib/libc/stdlib/exit.c:64: undefined reference to `_exit'
collect2: error: ld returned 1 exit status
make[1]: *** [CMakeFiles/cmTC_f8b5d.dir/build.make:87: cmTC_f8b5d] Error 1
make[1]: Leaving directory '/home/remi/firmware/build/CMakeFiles/CMakeTmp'
make: *** [Makefile:121: cmTC_f8b5d/fast] Error 2



Compiling the C compiler identification source file "CMakeCCompilerId.c" failed.
Compiler: /usr/bin/arm-none-eabi-gcc 
Build flags: 
Id flags:  

The output was:
1
/usr/lib/gcc/arm-none-eabi/9.2.1/../../../arm-none-eabi/bin/ld: /usr/lib/gcc/arm-none-eabi/9.2.1/../../../arm-none-eabi/lib/libc.a(lib_a-exit.o): in function `exit':
/build/newlib-CVVEyx/newlib-3.3.0/build/arm-none-eabi/newlib/libc/stdlib/../../../../../newlib/libc/stdlib/exit.c:64: undefined reference to `_exit'
collect2: error: ld returned 1 exit status


Determining if the C compiler works failed with the following output:
Change Dir: /home/remi/firmware/build/CMakeFiles/CMakeTmp

Run Build Command(s):/usr/bin/make cmTC_18a02/fast && /usr/bin/make -f CMakeFiles/cmTC_18a02.dir/build.make CMakeFiles/cmTC_18a02.dir/build
make[1]: Entering directory '/home/remi/firmware/build/CMakeFiles/CMakeTmp'
Building C object CMakeFiles/cmTC_18a02.dir/testCCompiler.c.o
/usr/bin/arm-none-eabi-gcc    -o CMakeFiles/cmTC_18a02.dir/testCCompiler.c.o   -c /home/remi/firmware/build/CMakeFiles/CMakeTmp/testCCompiler.c
Linking C executable cmTC_18a02
/usr/bin/cmake -E cmake_link_script CMakeFiles/cmTC_18a02.dir/link.txt --verbose=1
/usr/bin/arm-none-eabi-gcc      CMakeFiles/cmTC_18a02.dir/testCCompiler.c.o  -o cmTC_18a02 
/usr/lib/gcc/arm-none-eabi/9.2.1/../../../arm-none-eabi/bin/ld: /usr/lib/gcc/arm-none-eabi/9.2.1/../../../arm-none-eabi/lib/libc.a(lib_a-exit.o): in function `exit':
/build/newlib-CVVEyx/newlib-3.3.0/build/arm-none-eabi/newlib/libc/stdlib/../../../../../newlib/libc/stdlib/exit.c:64: undefined reference to `_exit'
collect2: error: ld returned 1 exit status
make[1]: *** [CMakeFiles/cmTC_18a02.dir/build.make:87: cmTC_18a02] Error 1
make[1]: Leaving directory '/home/remi/firmware/build/CMakeFiles/CMakeTmp'
make: *** [Makefile:121: cmTC_18a02/fast] Error 2



